Flow report for Qua_BRD_EP1C6T144I7
Fri Jul 31 15:00:54 2020
Quartus II 64-Bit Version 11.0 Build 208 07/03/2011 Service Pack 1 SJ Full Version


---------------------
; Table of Contents ;
---------------------
  1. Legal Notice
  2. Flow Summary
  3. Flow Settings
  4. Flow Non-Default Global Settings
  5. Flow Elapsed Time
  6. Flow OS Summary
  7. Flow Log



----------------
; Legal Notice ;
----------------
Copyright (C) 1991-2011 Altera Corporation
Your use of Altera Corporation's design tools, logic functions 
and other software and tools, and its AMPP partner logic 
functions, and any output files from any of the foregoing 
(including device programming or simulation files), and any 
associated documentation or information are expressly subject 
to the terms and conditions of the Altera Program License 
Subscription Agreement, Altera MegaCore Function License 
Agreement, or other applicable license agreement, including, 
without limitation, that your use is for the sole purpose of 
programming logic devices manufactured by Altera and sold by 
Altera or its authorized distributors.  Please refer to the 
applicable agreement for further details.



+----------------------------------------------------------------------------+
; Flow Summary                                                               ;
+---------------------------+------------------------------------------------+
; Flow Status               ; Successful - Fri Jul 31 15:00:53 2020          ;
; Quartus II 64-Bit Version ; 11.0 Build 208 07/03/2011 SP 1 SJ Full Version ;
; Revision Name             ; Qua_BRD_EP1C6T144I7                            ;
; Top-level Entity Name     ; Qua_BRD_EP1C6T144I7                            ;
; Family                    ; Cyclone                                        ;
; Device                    ; EP1C6T144I7                                    ;
; Timing Models             ; Final                                          ;
; Total logic elements      ; 124 / 5,980 ( 2 % )                            ;
; Total pins                ; 36 / 98 ( 37 % )                               ;
; Total virtual pins        ; 0                                              ;
; Total memory bits         ; 0 / 92,160 ( 0 % )                             ;
; Total PLLs                ; 1 / 2 ( 50 % )                                 ;
+---------------------------+------------------------------------------------+


+-----------------------------------------+
; Flow Settings                           ;
+-------------------+---------------------+
; Option            ; Setting             ;
+-------------------+---------------------+
; Start date & time ; 07/31/2020 15:00:48 ;
; Main task         ; Compilation         ;
; Revision Name     ; Qua_BRD_EP1C6T144I7 ;
+-------------------+---------------------+


+------------------------------------------------------------------------------------------------------------------+
; Flow Non-Default Global Settings                                                                                 ;
+-------------------------------------+---------------------------------+---------------+-------------+------------+
; Assignment Name                     ; Value                           ; Default Value ; Entity Name ; Section Id ;
+-------------------------------------+---------------------------------+---------------+-------------+------------+
; COMPILER_SIGNATURE_ID               ; 159090360422177.159619684818028 ; --            ; --          ; --         ;
; IP_TOOL_NAME                        ; ALTPLL                          ; --            ; --          ; --         ;
; IP_TOOL_VERSION                     ; 11.0                            ; --            ; --          ; --         ;
; MAX_CORE_JUNCTION_TEMP              ; 100                             ; --            ; --          ; --         ;
; MIN_CORE_JUNCTION_TEMP              ; 0                               ; --            ; --          ; --         ;
; MISC_FILE                           ; altpll0.bsf                     ; --            ; --          ; --         ;
; MISC_FILE                           ; altpll0_bb.v                    ; --            ; --          ; --         ;
; MISC_FILE                           ; altpll0.ppf                     ; --            ; --          ; --         ;
; PARTITION_COLOR                     ; 16764057                        ; --            ; --          ; Top        ;
; PARTITION_FITTER_PRESERVATION_LEVEL ; PLACEMENT_AND_ROUTING           ; --            ; --          ; Top        ;
; PARTITION_NETLIST_TYPE              ; SOURCE                          ; --            ; --          ; Top        ;
+-------------------------------------+---------------------------------+---------------+-------------+------------+


+-------------------------------------------------------------------------------------------------------------------------------+
; Flow Elapsed Time                                                                                                             ;
+---------------------------+--------------+-------------------------+---------------------+------------------------------------+
; Module Name               ; Elapsed Time ; Average Processors Used ; Peak Virtual Memory ; Total CPU Time (on all processors) ;
+---------------------------+--------------+-------------------------+---------------------+------------------------------------+
; Analysis & Synthesis      ; 00:00:02     ; 1.0                     ; 4511 MB             ; 00:00:02                           ;
; Fitter                    ; 00:00:02     ; 1.0                     ; 4622 MB             ; 00:00:02                           ;
; Assembler                 ; 00:00:00     ; 1.0                     ; 4437 MB             ; 00:00:01                           ;
; TimeQuest Timing Analyzer ; 00:00:01     ; 1.0                     ; 4463 MB             ; 00:00:01                           ;
; Total                     ; 00:00:05     ; --                      ; --                  ; 00:00:06                           ;
+---------------------------+--------------+-------------------------+---------------------+------------------------------------+


+----------------------------------------------------------------------------------------+
; Flow OS Summary                                                                        ;
+---------------------------+------------------+-----------+------------+----------------+
; Module Name               ; Machine Hostname ; OS Name   ; OS Version ; Processor type ;
+---------------------------+------------------+-----------+------------+----------------+
; Analysis & Synthesis      ; DESKTOP-LGQIDR1  ; Windows 7 ; 6.2        ; x86_64         ;
; Fitter                    ; DESKTOP-LGQIDR1  ; Windows 7 ; 6.2        ; x86_64         ;
; Assembler                 ; DESKTOP-LGQIDR1  ; Windows 7 ; 6.2        ; x86_64         ;
; TimeQuest Timing Analyzer ; DESKTOP-LGQIDR1  ; Windows 7 ; 6.2        ; x86_64         ;
+---------------------------+------------------+-----------+------------+----------------+


------------
; Flow Log ;
------------
quartus_map --read_settings_files=on --write_settings_files=off Qua_BRD_EP1C6T144I7 -c Qua_BRD_EP1C6T144I7
quartus_fit --read_settings_files=off --write_settings_files=off Qua_BRD_EP1C6T144I7 -c Qua_BRD_EP1C6T144I7
quartus_asm --read_settings_files=off --write_settings_files=off Qua_BRD_EP1C6T144I7 -c Qua_BRD_EP1C6T144I7
quartus_sta Qua_BRD_EP1C6T144I7 -c Qua_BRD_EP1C6T144I7



